<?xml version="1.0" encoding="UTF-8"?>
<!-- Generated by org.testng.reporters.JUnitXMLReporter -->
<testsuite ignored="0" hostname="DESKTOP-KA9533D" failures="4" tests="18" name="Test" time="571.686" errors="0" timestamp="2023-06-30T22:15:25 IST">
  <testcase classname="test.LoginTest" name="LoginTestCases" time="64.628"/>
  <testcase classname="test.LoginTest" name="LogoutTestCase" time="2.932"/>
  <testcase classname="test.IntelomaticEndtoEnd" name="LoginTestCases" time="66.386"/>
  <testcase classname="test.IntelomaticEndtoEnd" name="CreateCollectortTestCases" time="103.563">
    <failure type="java.lang.AssertionError" message="The following asserts failed:
	expected [true] but found [false]">
      <![CDATA[java.lang.AssertionError: The following asserts failed:
expected [true] but found [false]
at test.IntelomaticEndtoEnd.CreateCollectortTestCases(IntelomaticEndtoEnd.java:132)
at java.base/java.util.ArrayList.forEach(ArrayList.java:1511)
... Removed 29 stack frames]]>
    </failure>
  </testcase> <!-- CreateCollectortTestCases -->
  <testcase classname="test.IntelomaticEndtoEnd" name="PreviewCollectortTestCases" time="26.747">
    <failure type="java.lang.AssertionError" message="The following asserts failed:
	expected [true] but found [false]">
      <![CDATA[java.lang.AssertionError: The following asserts failed:
expected [true] but found [false]
at test.IntelomaticEndtoEnd.PreviewCollectortTestCases(IntelomaticEndtoEnd.java:160)
at java.base/java.util.ArrayList.forEach(ArrayList.java:1511)
... Removed 29 stack frames]]>
    </failure>
  </testcase> <!-- PreviewCollectortTestCases -->
  <testcase classname="test.IntelomaticEndtoEnd" name="EditCollectortTestCases" time="23.465"/>
  <testcase classname="test.IntelomaticEndtoEnd" name="CreateNewCollectortTestCases" time="30.439"/>
  <testcase classname="test.IntelomaticEndtoEnd" name="SearchPageTestCases" time="26.893"/>
  <testcase classname="test.IntelomaticEndtoEnd" name="FilterPageTestCases" time="33.449"/>
  <testcase classname="test.IntelomaticEndtoEnd" name="SelectCollectorLayertTestCases" time="10.303"/>
  <testcase classname="test.IntelomaticEndtoEnd" name="RemoveCollectortTestCases" time="10.754"/>
  <testcase classname="test.IntelomaticEndtoEnd" name="PublishCollectortTestCases" time="31.03"/>
  <testcase classname="test.IntelomaticEndtoEnd" name="NewCreateCollectortTestCases" time="35.327"/>
  <testcase classname="test.IntelomaticEndtoEnd" name="PublishAllCollectorsTestCases" time="25.698"/>
  <testcase classname="test.IntelomaticEndtoEnd" name="LogoutTestCase" time="2.41"/>
  <testcase classname="test.CreateCollectorTest" name="LoginTestCases" time="0.132"/>
  <testcase classname="test.CreateCollectorTest" name="CreateCollectortTestCases" time="7.016">
    <failure type="java.lang.AssertionError" message="The following asserts failed:
	expected [true] but found [false]">
      <![CDATA[java.lang.AssertionError: The following asserts failed:
expected [true] but found [false]
at test.CreateCollectorTest.CreateCollectortTestCases(CreateCollectorTest.java:124)
at java.base/java.util.ArrayList.forEach(ArrayList.java:1511)
... Removed 29 stack frames]]>
    </failure>
  </testcase> <!-- CreateCollectortTestCases -->
  <testcase classname="test.CreateCollectorTest" name="CreateCollectortTestCases" time="7.024">
    <failure type="org.openqa.selenium.NoSuchSessionException" message="Session ID is null. Using WebDriver after calling quit()?
Build info: version: &amp;apos;3.141.59&amp;apos;, revision: &amp;apos;e82be7d358&amp;apos;, time: &amp;apos;2018-11-14T08:17:03&amp;apos;
System info: host: &amp;apos;DESKTOP-KA9533D&amp;apos;, ip: &amp;apos;169.254.93.249&amp;apos;, os.name: &amp;apos;Windows 11&amp;apos;, os.arch: &amp;apos;amd64&amp;apos;, os.version: &amp;apos;10.0&amp;apos;, java.version: &amp;apos;17.0.7&amp;apos;
Driver info: driver.version: RemoteWebDriver">
      <![CDATA[org.openqa.selenium.NoSuchSessionException: Session ID is null. Using WebDriver after calling quit()?
Build info: version: '3.141.59', revision: 'e82be7d358', time: '2018-11-14T08:17:03'
System info: host: 'DESKTOP-KA9533D', ip: '169.254.93.249', os.name: 'Windows 11', os.arch: 'amd64', os.version: '10.0', java.version: '17.0.7'
Driver info: driver.version: RemoteWebDriver
at org.openqa.selenium.remote.HttpCommandExecutor.execute(HttpCommandExecutor.java:125)
at io.appium.java_client.remote.AppiumCommandExecutor.execute(AppiumCommandExecutor.java:239)
at org.openqa.selenium.remote.RemoteWebDriver.execute(RemoteWebDriver.java:552)
at io.appium.java_client.DefaultGenericMobileDriver.execute(DefaultGenericMobileDriver.java:45)
at io.appium.java_client.AppiumDriver.execute(AppiumDriver.java:1)
at org.openqa.selenium.remote.RemoteWebDriver.getScreenshotAs(RemoteWebDriver.java:295)
at base.Common.getScreenshot(Common.java:116)
at base.TestAllureListener.onTestFailure(TestAllureListener.java:65)
at java.base/java.util.ArrayList.forEach(ArrayList.java:1511)
... Removed 24 stack frames]]>
    </failure>
  </testcase> <!-- CreateCollectortTestCases -->
</testsuite> <!-- Test -->
